<?xml version="1.0" encoding="UTF-8"?>
<coverage generated="1727949180338" clover="3.2.0">
  <project timestamp="1727949180338" name="All files">
    <metrics statements="17" coveredstatements="12" conditionals="6" coveredconditionals="1" methods="4" coveredmethods="2" elements="27" coveredelements="15" complexity="0" loc="17" ncloc="17" packages="1" files="2" classes="2"/>
    <file name="helpers.js" path="C:\Users\IsaacAmpomah\Music\Workshop\CAP Unit test\BookTesting\bookshop\srv\utils\helpers.js">
      <metrics statements="10" coveredstatements="9" conditionals="2" coveredconditionals="1" methods="2" coveredmethods="2"/>
      <line num="1" count="1" type="stmt"/>
      <line num="3" count="1" type="stmt"/>
      <line num="4" count="1" type="cond" truecount="1" falsecount="1"/>
      <line num="5" count="0" type="stmt"/>
      <line num="7" count="1" type="stmt"/>
      <line num="11" count="1" type="stmt"/>
      <line num="12" count="1" type="stmt"/>
      <line num="13" count="1" type="stmt"/>
      <line num="15" count="1" type="stmt"/>
      <line num="19" count="1" type="stmt"/>
    </file>
    <file name="pageValue.js" path="C:\Users\IsaacAmpomah\Music\Workshop\CAP Unit test\BookTesting\bookshop\srv\utils\pageValue.js">
      <metrics statements="7" coveredstatements="3" conditionals="4" coveredconditionals="0" methods="2" coveredmethods="0"/>
      <line num="2" count="1" type="stmt"/>
      <line num="3" count="0" type="cond" truecount="0" falsecount="2"/>
      <line num="11" count="1" type="stmt"/>
      <line num="12" count="0" type="cond" truecount="0" falsecount="2"/>
      <line num="13" count="0" type="stmt"/>
      <line num="15" count="0" type="stmt"/>
      <line num="22" count="1" type="stmt"/>
    </file>
  </project>
</coverage>
