{"C:\\Users\\IsaacAmpomah\\Music\\Workshop\\CAP Unit test\\BookTesting\\bookshop\\srv\\utils\\helpers.js": {"path":"C:\\Users\\IsaacAmpomah\\Music\\Workshop\\CAP Unit test\\BookTesting\\bookshop\\srv\\utils\\helpers.js","statementMap":{"0":{"start":{"line":1,"column":20},"end":{"line":1,"column":49}},"1":{"start":{"line":3,"column":20},"end":{"line":9,"column":1}},"2":{"start":{"line":4,"column":4},"end":{"line":8,"column":5}},"3":{"start":{"line":5,"column":8},"end":{"line":5,"column":25}},"4":{"start":{"line":7,"column":8},"end":{"line":7,"column":25}},"5":{"start":{"line":11,"column":18},"end":{"line":16,"column":1}},"6":{"start":{"line":12,"column":26},"end":{"line":12,"column":41}},"7":{"start":{"line":13,"column":28},"end":{"line":13,"column":47}},"8":{"start":{"line":15,"column":4},"end":{"line":15,"column":43}},"9":{"start":{"line":19,"column":0},"end":{"line":19,"column":28}}},"fnMap":{"0":{"name":"(anonymous_0)","decl":{"start":{"line":3,"column":20},"end":{"line":3,"column":21}},"loc":{"start":{"line":3,"column":32},"end":{"line":9,"column":1}},"line":3},"1":{"name":"(anonymous_1)","decl":{"start":{"line":11,"column":18},"end":{"line":11,"column":19}},"loc":{"start":{"line":11,"column":36},"end":{"line":16,"column":1}},"line":11}},"branchMap":{"0":{"loc":{"start":{"line":4,"column":4},"end":{"line":8,"column":5}},"type":"if","locations":[{"start":{"line":4,"column":4},"end":{"line":8,"column":5}},{"start":{"line":6,"column":10},"end":{"line":8,"column":5}}],"line":4}},"s":{"0":1,"1":1,"2":1,"3":0,"4":1,"5":1,"6":1,"7":1,"8":1,"9":1},"f":{"0":1,"1":1},"b":{"0":[0,1]},"_coverageSchema":"1a1c01bbd47fc00a2c39e90264f33305004495a9","hash":"b849d75acee17527fd623196da8758998f2165e4"}
,"C:\\Users\\IsaacAmpomah\\Music\\Workshop\\CAP Unit test\\BookTesting\\bookshop\\srv\\utils\\pageValue.js": {"path":"C:\\Users\\IsaacAmpomah\\Music\\Workshop\\CAP Unit test\\BookTesting\\bookshop\\srv\\utils\\pageValue.js","statementMap":{"0":{"start":{"line":2,"column":18},"end":{"line":9,"column":1}},"1":{"start":{"line":3,"column":4},"end":{"line":3,"column":45}},"2":{"start":{"line":11,"column":18},"end":{"line":19,"column":1}},"3":{"start":{"line":12,"column":4},"end":{"line":16,"column":5}},"4":{"start":{"line":13,"column":8},"end":{"line":13,"column":24}},"5":{"start":{"line":15,"column":8},"end":{"line":15,"column":24}},"6":{"start":{"line":22,"column":0},"end":{"line":22,"column":39}}},"fnMap":{"0":{"name":"(anonymous_0)","decl":{"start":{"line":2,"column":18},"end":{"line":2,"column":19}},"loc":{"start":{"line":2,"column":29},"end":{"line":9,"column":1}},"line":2},"1":{"name":"(anonymous_1)","decl":{"start":{"line":11,"column":18},"end":{"line":11,"column":19}},"loc":{"start":{"line":11,"column":29},"end":{"line":19,"column":1}},"line":11}},"branchMap":{"0":{"loc":{"start":{"line":3,"column":11},"end":{"line":3,"column":45}},"type":"cond-expr","locations":[{"start":{"line":3,"column":24},"end":{"line":3,"column":33}},{"start":{"line":3,"column":36},"end":{"line":3,"column":45}}],"line":3},"1":{"loc":{"start":{"line":12,"column":4},"end":{"line":16,"column":5}},"type":"if","locations":[{"start":{"line":12,"column":4},"end":{"line":16,"column":5}},{"start":{"line":14,"column":11},"end":{"line":16,"column":5}}],"line":12}},"s":{"0":1,"1":0,"2":1,"3":0,"4":0,"5":0,"6":1},"f":{"0":0,"1":0},"b":{"0":[0,0],"1":[0,0]},"_coverageSchema":"1a1c01bbd47fc00a2c39e90264f33305004495a9","hash":"69559280ce07b5252c640fc7288dd1b7ad4fbfa5"}
}
